Creating directory /home/vagrant/sourcecode/6.www.sync/3.framework/pyramid/2.project/MyProject
  Recursing into +package+
    Creating /home/vagrant/sourcecode/6.www.sync/3.framework/pyramid/2.project/MyProject/myproject/
    Copying __init__.py to /home/vagrant/sourcecode/6.www.sync/3.framework/pyramid/2.project/MyProject/myproject/__init__.py
    Recursing into static
      Creating /home/vagrant/sourcecode/6.www.sync/3.framework/pyramid/2.project/MyProject/myproject/static/
      Copying pyramid-16x16.png to /home/vagrant/sourcecode/6.www.sync/3.framework/pyramid/2.project/MyProject/myproject/static/pyramid-16x16.png
      Copying pyramid.png to /home/vagrant/sourcecode/6.www.sync/3.framework/pyramid/2.project/MyProject/myproject/static/pyramid.png
      Copying theme.css to /home/vagrant/sourcecode/6.www.sync/3.framework/pyramid/2.project/MyProject/myproject/static/theme.css
      Copying theme.min.css to /home/vagrant/sourcecode/6.www.sync/3.framework/pyramid/2.project/MyProject/myproject/static/theme.min.css
    Recursing into templates
      Creating /home/vagrant/sourcecode/6.www.sync/3.framework/pyramid/2.project/MyProject/myproject/templates/
      Copying mytemplate.pt_tmpl to /home/vagrant/sourcecode/6.www.sync/3.framework/pyramid/2.project/MyProject/myproject/templates/mytemplate.pt
    Copying tests.py_tmpl to /home/vagrant/sourcecode/6.www.sync/3.framework/pyramid/2.project/MyProject/myproject/tests.py
    Copying views.py_tmpl to /home/vagrant/sourcecode/6.www.sync/3.framework/pyramid/2.project/MyProject/myproject/views.py
  Copying CHANGES.txt_tmpl to /home/vagrant/sourcecode/6.www.sync/3.framework/pyramid/2.project/MyProject/CHANGES.txt
  Copying MANIFEST.in_tmpl to /home/vagrant/sourcecode/6.www.sync/3.framework/pyramid/2.project/MyProject/MANIFEST.in
  Copying README.txt_tmpl to /home/vagrant/sourcecode/6.www.sync/3.framework/pyramid/2.project/MyProject/README.txt
  Copying development.ini_tmpl to /home/vagrant/sourcecode/6.www.sync/3.framework/pyramid/2.project/MyProject/development.ini
  Copying production.ini_tmpl to /home/vagrant/sourcecode/6.www.sync/3.framework/pyramid/2.project/MyProject/production.ini
  Copying setup.py_tmpl to /home/vagrant/sourcecode/6.www.sync/3.framework/pyramid/2.project/MyProject/setup.py

===============================================================================
Tutorials: http://docs.pylonsproject.org/projects/pyramid_tutorials
Documentation: http://docs.pylonsproject.org/projects/pyramid

Twitter (tips & updates): http://twitter.com/pylons
Mailing List: http://groups.google.com/group/pylons-discuss

Welcome to Pyramid.  Sorry for the convenience.
===============================================================================
